<?xml version="1.0" encoding="UTF-8"?>
<testsuite name="com.phonebook.tests.LoginTests" tests="1" skipped="0" failures="0" errors="0" timestamp="2023-06-28T16:28:21" hostname="SASHA-LENOVO" time="0.718">
  <properties/>
  <testcase name="loginPositiveTest" classname="com.phonebook.tests.LoginTests" time="0.718"/>
  <system-out><![CDATA[18:28:21.182 [Test worker] INFO  com.phonebook.tests.TestBase -- Start test loginPositiveTest with data: []
18:28:21.914 [Test worker] INFO  com.phonebook.tests.TestBase -- PASSED: loginPositiveTest
18:28:21.914 [Test worker] INFO  com.phonebook.tests.TestBase -- ========================================================
]]></system-out>
  <system-err><![CDATA[]]></system-err>
</testsuite>
