<?xml version="1.0" encoding="UTF-8"?>
<testsuite name="com.phonebook.tests.AddContactTests" tests="1" skipped="0" failures="0" errors="0" timestamp="2023-06-28T16:28:32" hostname="SASHA-LENOVO" time="1.595">
  <properties/>
  <testcase name="addContactPositiveTest" classname="com.phonebook.tests.AddContactTests" time="1.595"/>
  <system-out><![CDATA[18:28:21.916 [Test worker] INFO  com.phonebook.tests.TestBase -- Start test addContactPositiveTest with data: []
18:28:34.049 [Test worker] INFO  com.phonebook.tests.TestBase -- PASSED: addContactPositiveTest
18:28:34.050 [Test worker] INFO  com.phonebook.tests.TestBase -- ========================================================
]]></system-out>
  <system-err><![CDATA[]]></system-err>
</testsuite>
