<?xml version="1.0" encoding="UTF-8"?>
<testsuite name="com.phonebook.tests.HomePageTests" tests="1" skipped="0" failures="0" errors="0" timestamp="2023-06-28T16:28:19" hostname="SASHA-LENOVO" time="0.022">
  <properties/>
  <testcase name="openHomePageTest" classname="com.phonebook.tests.HomePageTests" time="0.022"/>
  <system-out><![CDATA[18:28:19.687 [Test worker] INFO  com.phonebook.tests.TestBase -- Start test openHomePageTest with data: []
18:28:19.714 [Test worker] INFO  com.phonebook.tests.TestBase -- PASSED: openHomePageTest
18:28:19.714 [Test worker] INFO  com.phonebook.tests.TestBase -- ========================================================
]]></system-out>
  <system-err><![CDATA[]]></system-err>
</testsuite>
